<?xml version="1.0" encoding="UTF-8"?>
<!-- Generated by org.testng.reporters.JUnitXMLReporter -->
<testsuite ignored="0" hostname="LAPTOP-P4KC9GUF" failures="0" tests="5" name="Test2" time="0.092" errors="0" timestamp="2024-02-04T12:27:21 IST">
  <testcase classname="com.inetbanking.testCases.Parallel1" name="test1" time="0.01"/>
  <testcase classname="com.inetbanking.testCases.Parallel1" name="test2" time="0.01"/>
  <testcase classname="com.inetbanking.testCases.Parallel1" name="test3" time="0.01"/>
  <testcase classname="com.inetbanking.testCases.Parallel1" name="test4" time="0.011"/>
  <testcase classname="com.inetbanking.testCases.Parallel1" name="test5" time="0.003"/>
</testsuite> <!-- Test2 -->
