<?xml version="1.0" encoding="UTF-8"?>
<!-- Generated by org.testng.reporters.JUnitXMLReporter -->
<testsuite ignored="0" hostname="LAPTOP-P4KC9GUF" failures="0" tests="5" name="Test1" time="0.086" errors="0" timestamp="2024-03-23T11:45:35 IST">
  <testcase classname="com.inetbanking.testCases.Parallel1" name="test3" time="0.012"/>
  <testcase classname="com.inetbanking.testCases.Parallel1" name="test1" time="0.012"/>
  <testcase classname="com.inetbanking.testCases.Parallel1" name="test5" time="0.012"/>
  <testcase classname="com.inetbanking.testCases.Parallel1" name="test2" time="0.012"/>
  <testcase classname="com.inetbanking.testCases.Parallel1" name="test4" time="0.012"/>
</testsuite> <!-- Test1 -->
