<?xml version="1.0" encoding="UTF-8"?>
<!-- Generated by org.testng.reporters.JUnitXMLReporter -->
<testsuite ignored="0" hostname="LAPTOP-P4KC9GUF" failures="0" tests="3" name="edgetest" time="25.181" errors="0" timestamp="2024-11-15T20:15:29 IST">
  <testcase classname="ParameterAndParallel.ParameterTest1Test" name="logotest" time="0.046"/>
  <testcase classname="ParameterAndParallel.ParameterTest1Test" name="titletest" time="0.009"/>
  <testcase classname="ParameterAndParallel.ParameterTest1Test" name="urltset" time="0.011"/>
</testsuite> <!-- edgetest -->
